Performing C++ SOURCE FILE Test CMAKE_HAVE_LIBC_PTHREAD failed with the following output:
Change Dir: /home/bwang/gsim_wks/app/3rdparty/tracy/build/CMakeFiles/CMakeTmp

Run Build Command(s):/usr/bin/gmake -f Makefile cmTC_b41ec/fast && /usr/bin/gmake  -f CMakeFiles/cmTC_b41ec.dir/build.make CMakeFiles/cmTC_b41ec.dir/build
gmake[1]: Entering directory '/home/bwang/gsim_wks/app/3rdparty/tracy/build/CMakeFiles/CMakeTmp'
Building CXX object CMakeFiles/cmTC_b41ec.dir/src.cxx.o
/mnt/l/f/share/cnliao/software/conda/envs/prod/bin/x86_64-conda-linux-gnu-c++ -DCMAKE_HAVE_LIBC_PTHREAD  -fvisibility-inlines-hidden -std=c++17 -fmessage-length=0 -march=nocona -mtune=haswell -ftree-vectorize -fPIC -fstack-protector-strong -fno-plt -O2 -ffunction-sections -pipe -isystem /mnt/l/f/share/cnliao/software/conda/envs/prod/include  -o CMakeFiles/cmTC_b41ec.dir/src.cxx.o -c /home/bwang/gsim_wks/app/3rdparty/tracy/build/CMakeFiles/CMakeTmp/src.cxx
Linking CXX executable cmTC_b41ec
/mnt/l/f/share/cnliao/software/conda/envs/prod/bin/cmake -E cmake_link_script CMakeFiles/cmTC_b41ec.dir/link.txt --verbose=1
/mnt/l/f/share/cnliao/software/conda/envs/prod/bin/x86_64-conda-linux-gnu-c++ -fvisibility-inlines-hidden -std=c++17 -fmessage-length=0 -march=nocona -mtune=haswell -ftree-vectorize -fPIC -fstack-protector-strong -fno-plt -O2 -ffunction-sections -pipe -isystem /mnt/l/f/share/cnliao/software/conda/envs/prod/include  -Wl,-O2 -Wl,--sort-common -Wl,--as-needed -Wl,-z,relro -Wl,-z,now -Wl,--disable-new-dtags -Wl,--gc-sections -Wl,--allow-shlib-undefined -Wl,-rpath,/mnt/l/f/share/cnliao/software/conda/envs/prod/lib -Wl,-rpath-link,/mnt/l/f/share/cnliao/software/conda/envs/prod/lib -L/mnt/l/f/share/cnliao/software/conda/envs/prod/lib  CMakeFiles/cmTC_b41ec.dir/src.cxx.o -o cmTC_b41ec 
/mnt/l/f/share/cnliao/software/conda/envs/prod/bin/../lib/gcc/x86_64-conda-linux-gnu/9.4.0/../../../../x86_64-conda-linux-gnu/bin/ld: CMakeFiles/cmTC_b41ec.dir/src.cxx.o: in function `main':
src.cxx:(.text.startup.main+0x24): undefined reference to `pthread_create'
/mnt/l/f/share/cnliao/software/conda/envs/prod/bin/../lib/gcc/x86_64-conda-linux-gnu/9.4.0/../../../../x86_64-conda-linux-gnu/bin/ld: src.cxx:(.text.startup.main+0x2e): undefined reference to `pthread_detach'
/mnt/l/f/share/cnliao/software/conda/envs/prod/bin/../lib/gcc/x86_64-conda-linux-gnu/9.4.0/../../../../x86_64-conda-linux-gnu/bin/ld: src.cxx:(.text.startup.main+0x38): undefined reference to `pthread_cancel'
/mnt/l/f/share/cnliao/software/conda/envs/prod/bin/../lib/gcc/x86_64-conda-linux-gnu/9.4.0/../../../../x86_64-conda-linux-gnu/bin/ld: src.cxx:(.text.startup.main+0x44): undefined reference to `pthread_join'
/mnt/l/f/share/cnliao/software/conda/envs/prod/bin/../lib/gcc/x86_64-conda-linux-gnu/9.4.0/../../../../x86_64-conda-linux-gnu/bin/ld: src.cxx:(.text.startup.main+0x50): undefined reference to `pthread_atfork'
collect2: error: ld returned 1 exit status
gmake[1]: *** [CMakeFiles/cmTC_b41ec.dir/build.make:99: cmTC_b41ec] Error 1
gmake[1]: Leaving directory '/home/bwang/gsim_wks/app/3rdparty/tracy/build/CMakeFiles/CMakeTmp'
gmake: *** [Makefile:127: cmTC_b41ec/fast] Error 2


Source file was:
#include <pthread.h>

static void* test_func(void* data)
{
  return data;
}

int main(void)
{
  pthread_t thread;
  pthread_create(&thread, NULL, test_func, NULL);
  pthread_detach(thread);
  pthread_cancel(thread);
  pthread_join(thread, NULL);
  pthread_atfork(NULL, NULL, NULL);
  pthread_exit(NULL);

  return 0;
}

Determining if the function pthread_create exists in the pthreads failed with the following output:
Change Dir: /home/bwang/gsim_wks/app/3rdparty/tracy/build/CMakeFiles/CMakeTmp

Run Build Command(s):/usr/bin/gmake -f Makefile cmTC_e4563/fast && /usr/bin/gmake  -f CMakeFiles/cmTC_e4563.dir/build.make CMakeFiles/cmTC_e4563.dir/build
gmake[1]: Entering directory '/home/bwang/gsim_wks/app/3rdparty/tracy/build/CMakeFiles/CMakeTmp'
Building CXX object CMakeFiles/cmTC_e4563.dir/CheckFunctionExists.cxx.o
/mnt/l/f/share/cnliao/software/conda/envs/prod/bin/x86_64-conda-linux-gnu-c++   -fvisibility-inlines-hidden -std=c++17 -fmessage-length=0 -march=nocona -mtune=haswell -ftree-vectorize -fPIC -fstack-protector-strong -fno-plt -O2 -ffunction-sections -pipe -isystem /mnt/l/f/share/cnliao/software/conda/envs/prod/include -DCHECK_FUNCTION_EXISTS=pthread_create -o CMakeFiles/cmTC_e4563.dir/CheckFunctionExists.cxx.o -c /home/bwang/gsim_wks/app/3rdparty/tracy/build/CMakeFiles/CheckLibraryExists/CheckFunctionExists.cxx
Linking CXX executable cmTC_e4563
/mnt/l/f/share/cnliao/software/conda/envs/prod/bin/cmake -E cmake_link_script CMakeFiles/cmTC_e4563.dir/link.txt --verbose=1
/mnt/l/f/share/cnliao/software/conda/envs/prod/bin/x86_64-conda-linux-gnu-c++ -fvisibility-inlines-hidden -std=c++17 -fmessage-length=0 -march=nocona -mtune=haswell -ftree-vectorize -fPIC -fstack-protector-strong -fno-plt -O2 -ffunction-sections -pipe -isystem /mnt/l/f/share/cnliao/software/conda/envs/prod/include -DCHECK_FUNCTION_EXISTS=pthread_create -Wl,-O2 -Wl,--sort-common -Wl,--as-needed -Wl,-z,relro -Wl,-z,now -Wl,--disable-new-dtags -Wl,--gc-sections -Wl,--allow-shlib-undefined -Wl,-rpath,/mnt/l/f/share/cnliao/software/conda/envs/prod/lib -Wl,-rpath-link,/mnt/l/f/share/cnliao/software/conda/envs/prod/lib -L/mnt/l/f/share/cnliao/software/conda/envs/prod/lib  CMakeFiles/cmTC_e4563.dir/CheckFunctionExists.cxx.o -o cmTC_e4563  -lpthreads 
/mnt/l/f/share/cnliao/software/conda/envs/prod/bin/../lib/gcc/x86_64-conda-linux-gnu/9.4.0/../../../../x86_64-conda-linux-gnu/bin/ld: cannot find -lpthreads
collect2: error: ld returned 1 exit status
gmake[1]: *** [CMakeFiles/cmTC_e4563.dir/build.make:99: cmTC_e4563] Error 1
gmake[1]: Leaving directory '/home/bwang/gsim_wks/app/3rdparty/tracy/build/CMakeFiles/CMakeTmp'
gmake: *** [Makefile:127: cmTC_e4563/fast] Error 2



