The system is: Linux - 5.15.0-144-generic - x86_64
Compiling the CXX compiler identification source file "CMakeCXXCompilerId.cpp" succeeded.
Compiler: /mnt/l/f/share/cnliao/software/conda/envs/prod/bin/x86_64-conda-linux-gnu-c++ 
Build flags: -fvisibility-inlines-hidden;-std=c++17;-fmessage-length=0;-march=nocona;-mtune=haswell;-ftree-vectorize;-fPIC;-fstack-protector-strong;-fno-plt;-O2;-ffunction-sections;-pipe;-isystem;/mnt/l/f/share/cnliao/software/conda/envs/prod/include
Id flags:  

The output was:
0


Compilation of the CXX compiler identification source "CMakeCXXCompilerId.cpp" produced "a.out"

The CXX compiler identification is GNU, found in "/home/bwang/gsim_wks/app/3rdparty/tracy/build/CMakeFiles/3.20.2/CompilerIdCXX/a.out"

Detecting CXX compiler ABI info compiled with the following output:
Change Dir: /home/bwang/gsim_wks/app/3rdparty/tracy/build/CMakeFiles/CMakeTmp

Run Build Command(s):/usr/bin/gmake -f Makefile cmTC_30c0f/fast && /usr/bin/gmake  -f CMakeFiles/cmTC_30c0f.dir/build.make CMakeFiles/cmTC_30c0f.dir/build
gmake[1]: Entering directory '/home/bwang/gsim_wks/app/3rdparty/tracy/build/CMakeFiles/CMakeTmp'
Building CXX object CMakeFiles/cmTC_30c0f.dir/CMakeCXXCompilerABI.cpp.o
/mnt/l/f/share/cnliao/software/conda/envs/prod/bin/x86_64-conda-linux-gnu-c++   -fvisibility-inlines-hidden -std=c++17 -fmessage-length=0 -march=nocona -mtune=haswell -ftree-vectorize -fPIC -fstack-protector-strong -fno-plt -O2 -ffunction-sections -pipe -isystem /mnt/l/f/share/cnliao/software/conda/envs/prod/include    -v -o CMakeFiles/cmTC_30c0f.dir/CMakeCXXCompilerABI.cpp.o -c /mnt/l/f/share/cnliao/software/conda/envs/prod/share/cmake-3.20/Modules/CMakeCXXCompilerABI.cpp
Reading specs from /mnt/l/f/share/cnliao/software/conda/envs/prod/bin/../lib/gcc/x86_64-conda-linux-gnu/9.4.0/specs
could not find specs file conda.specs
COLLECT_GCC=/mnt/l/f/share/cnliao/software/conda/envs/prod/bin/x86_64-conda-linux-gnu-c++
Target: x86_64-conda-linux-gnu
Configured with: ../configure --prefix=/home/conda/feedstock_root/build_artifacts/gcc_compilers_1649355369539/_h_env_placehold_placehold_placehold_placehold_placehold_placehold_placehold_placehold_placehold_placehold_placehold_placehold_placehold_placehold_placehold_placehold_placehold_placeho --with-slibdir=/home/conda/feedstock_root/build_artifacts/gcc_compilers_1649355369539/_h_env_placehold_placehold_placehold_placehold_placehold_placehold_placehold_placehold_placehold_placehold_placehold_placehold_placehold_placehold_placehold_placehold_placehold_placeho/lib --libdir=/home/conda/feedstock_root/build_artifacts/gcc_compilers_1649355369539/_h_env_placehold_placehold_placehold_placehold_placehold_placehold_placehold_placehold_placehold_placehold_placehold_placehold_placehold_placehold_placehold_placehold_placehold_placeho/lib --mandir=/home/conda/feedstock_root/build_artifacts/gcc_compilers_1649355369539/_h_env_placehold_placehold_placehold_placehold_placehold_placehold_placehold_placehold_placehold_placehold_placehold_placehold_placehold_placehold_placehold_placehold_placehold_placeho/man --build=x86_64-conda-linux-gnu --host=x86_64-conda-linux-gnu --target=x86_64-conda-linux-gnu --enable-default-pie --enable-languages=c,c++,fortran,objc,obj-c++ --enable-__cxa_atexit --disable-libmudflap --enable-libgomp --disable-libssp --enable-libquadmath --enable-libquadmath-support --enable-libsanitizer --enable-lto --enable-threads=posix --enable-target-optspace --enable-plugin --enable-gold --disable-nls --disable-bootstrap --disable-multilib --enable-long-long --with-sysroot=/home/conda/feedstock_root/build_artifacts/gcc_compilers_1649355369539/_h_env_placehold_placehold_placehold_placehold_placehold_placehold_placehold_placehold_placehold_placehold_placehold_placehold_placehold_placehold_placehold_placehold_placehold_placeho/x86_64-conda-linux-gnu/sysroot --with-build-sysroot=/home/conda/feedstock_root/build_artifacts/gcc_compilers_1649355369539/_build_env/x86_64-conda-linux-gnu/sysroot --with-gxx-include-dir=/home/conda/feedstock_root/build_artifacts/gcc_compilers_1649355369539/_h_env_placehold_placehold_placehold_placehold_placehold_placehold_placehold_placehold_placehold_placehold_placehold_placehold_placehold_placehold_placehold_placehold_placehold_placeho/x86_64-conda-linux-gnu/include/c++/9.4.0 --with-pkgversion='conda-forge 9.4.0-15' --with-bugurl=https://github.com/conda-forge/ctng-compilers-feedstock/issues/new/choose
Thread model: posix
gcc version 9.4.0 (conda-forge 9.4.0-15) 
COLLECT_GCC_OPTIONS='-fvisibility-inlines-hidden' '-std=c++17' '-fmessage-length=0' '-march=nocona' '-mtune=haswell' '-ftree-vectorize' '-fPIC' '-fstack-protector-strong' '-fno-plt' '-O2' '-ffunction-sections' '-pipe' '-isystem' '/mnt/l/f/share/cnliao/software/conda/envs/prod/include' '-v' '-o' 'CMakeFiles/cmTC_30c0f.dir/CMakeCXXCompilerABI.cpp.o' '-c' '-shared-libgcc'
 /mnt/l/f/share/cnliao/software/conda/envs/prod/bin/../libexec/gcc/x86_64-conda-linux-gnu/9.4.0/cc1plus -quiet -v -iprefix /mnt/l/f/share/cnliao/software/conda/envs/prod/bin/../lib/gcc/x86_64-conda-linux-gnu/9.4.0/ -isysroot /mnt/l/f/share/cnliao/software/conda/envs/prod/bin/../x86_64-conda-linux-gnu/sysroot -D_GNU_SOURCE -isystem /mnt/l/f/share/cnliao/software/conda/envs/prod/include /mnt/l/f/share/cnliao/software/conda/envs/prod/share/cmake-3.20/Modules/CMakeCXXCompilerABI.cpp -quiet -dumpbase CMakeCXXCompilerABI.cpp -march=nocona -mtune=haswell -auxbase-strip CMakeFiles/cmTC_30c0f.dir/CMakeCXXCompilerABI.cpp.o -O2 -std=c++17 -version -fvisibility-inlines-hidden -fmessage-length=0 -ftree-vectorize -fPIC -fstack-protector-strong -fno-plt -ffunction-sections -o - |
 /mnt/l/f/share/cnliao/software/conda/envs/prod/bin/../lib/gcc/x86_64-conda-linux-gnu/9.4.0/../../../../x86_64-conda-linux-gnu/bin/as -v --64 -o CMakeFiles/cmTC_30c0f.dir/CMakeCXXCompilerABI.cpp.o
GNU assembler version 2.36.1 (x86_64-conda-linux-gnu) using BFD version (GNU Binutils) 2.36.1
GNU C++17 (conda-forge 9.4.0-15) version 9.4.0 (x86_64-conda-linux-gnu)
	compiled by GNU C version 9.4.0, GMP version 6.1.0, MPFR version 3.1.4, MPC version 1.0.3, isl version isl-0.18-GMP

GGC heuristics: --param ggc-min-expand=100 --param ggc-min-heapsize=131072
ignoring duplicate directory "/mnt/l/f/share/cnliao/software/conda/envs/prod/bin/../lib/gcc/../../lib/gcc/x86_64-conda-linux-gnu/9.4.0/include"
ignoring nonexistent directory "/mnt/l/f/share/cnliao/software/conda/envs/prod/bin/../x86_64-conda-linux-gnu/sysroot/usr/local/include"
ignoring duplicate directory "/mnt/l/f/share/cnliao/software/conda/envs/prod/bin/../lib/gcc/../../lib/gcc/x86_64-conda-linux-gnu/9.4.0/include-fixed"
ignoring duplicate directory "/mnt/l/f/share/cnliao/software/conda/envs/prod/bin/../lib/gcc/../../lib/gcc/x86_64-conda-linux-gnu/9.4.0/../../../../x86_64-conda-linux-gnu/include"
#include "..." search starts here:
#include <...> search starts here:
 /mnt/l/f/share/cnliao/software/conda/envs/prod/include
 /mnt/l/f/share/cnliao/software/conda/envs/prod/bin/../lib/gcc/x86_64-conda-linux-gnu/9.4.0/include
 /mnt/l/f/share/cnliao/software/conda/envs/prod/bin/../lib/gcc/x86_64-conda-linux-gnu/9.4.0/include-fixed
 /mnt/l/f/share/cnliao/software/conda/envs/prod/bin/../lib/gcc/x86_64-conda-linux-gnu/9.4.0/../../../../x86_64-conda-linux-gnu/include
 /mnt/l/f/share/cnliao/software/conda/envs/prod/bin/../lib/gcc/../../x86_64-conda-linux-gnu/include/c++/9.4.0
 /mnt/l/f/share/cnliao/software/conda/envs/prod/bin/../lib/gcc/../../x86_64-conda-linux-gnu/include/c++/9.4.0/x86_64-conda-linux-gnu
 /mnt/l/f/share/cnliao/software/conda/envs/prod/bin/../lib/gcc/../../x86_64-conda-linux-gnu/include/c++/9.4.0/backward
 /mnt/l/f/share/cnliao/software/conda/envs/prod/bin/../x86_64-conda-linux-gnu/sysroot/usr/include
End of search list.
GNU C++17 (conda-forge 9.4.0-15) version 9.4.0 (x86_64-conda-linux-gnu)
	compiled by GNU C version 9.4.0, GMP version 6.1.0, MPFR version 3.1.4, MPC version 1.0.3, isl version isl-0.18-GMP

GGC heuristics: --param ggc-min-expand=100 --param ggc-min-heapsize=131072
Compiler executable checksum: ed1a3cc878430c819c29c9bff139be4a
COMPILER_PATH=/mnt/l/f/share/cnliao/software/conda/envs/prod/bin/../libexec/gcc/x86_64-conda-linux-gnu/9.4.0/:/mnt/l/f/share/cnliao/software/conda/envs/prod/bin/../libexec/gcc/:/mnt/l/f/share/cnliao/software/conda/envs/prod/bin/../lib/gcc/x86_64-conda-linux-gnu/9.4.0/../../../../x86_64-conda-linux-gnu/bin/
LIBRARY_PATH=/mnt/l/f/share/cnliao/software/conda/envs/prod/bin/../lib/gcc/x86_64-conda-linux-gnu/9.4.0/:/mnt/l/f/share/cnliao/software/conda/envs/prod/bin/../lib/gcc/:/mnt/l/f/share/cnliao/software/conda/envs/prod/bin/../lib/gcc/x86_64-conda-linux-gnu/9.4.0/../../../../x86_64-conda-linux-gnu/lib/../lib/:/mnt/l/f/share/cnliao/software/conda/envs/prod/bin/../lib/gcc/x86_64-conda-linux-gnu/9.4.0/../../../../lib/:/mnt/l/f/share/cnliao/software/conda/envs/prod/bin/../x86_64-conda-linux-gnu/sysroot/lib/../lib/:/mnt/l/f/share/cnliao/software/conda/envs/prod/bin/../x86_64-conda-linux-gnu/sysroot/usr/lib/../lib/:/mnt/l/f/share/cnliao/software/conda/envs/prod/bin/../lib/gcc/x86_64-conda-linux-gnu/9.4.0/../../../../x86_64-conda-linux-gnu/lib/:/mnt/l/f/share/cnliao/software/conda/envs/prod/bin/../lib/gcc/x86_64-conda-linux-gnu/9.4.0/../../../:/mnt/l/f/share/cnliao/software/conda/envs/prod/bin/../x86_64-conda-linux-gnu/sysroot/lib/:/mnt/l/f/share/cnliao/software/conda/envs/prod/bin/../x86_64-conda-linux-gnu/sysroot/usr/lib/
COLLECT_GCC_OPTIONS='-fvisibility-inlines-hidden' '-std=c++17' '-fmessage-length=0' '-march=nocona' '-mtune=haswell' '-ftree-vectorize' '-fPIC' '-fstack-protector-strong' '-fno-plt' '-O2' '-ffunction-sections' '-pipe' '-isystem' '/mnt/l/f/share/cnliao/software/conda/envs/prod/include' '-v' '-o' 'CMakeFiles/cmTC_30c0f.dir/CMakeCXXCompilerABI.cpp.o' '-c' '-shared-libgcc'
Linking CXX executable cmTC_30c0f
/mnt/l/f/share/cnliao/software/conda/envs/prod/bin/cmake -E cmake_link_script CMakeFiles/cmTC_30c0f.dir/link.txt --verbose=1
/mnt/l/f/share/cnliao/software/conda/envs/prod/bin/x86_64-conda-linux-gnu-c++ -fvisibility-inlines-hidden -std=c++17 -fmessage-length=0 -march=nocona -mtune=haswell -ftree-vectorize -fPIC -fstack-protector-strong -fno-plt -O2 -ffunction-sections -pipe -isystem /mnt/l/f/share/cnliao/software/conda/envs/prod/include  -Wl,-O2 -Wl,--sort-common -Wl,--as-needed -Wl,-z,relro -Wl,-z,now -Wl,--disable-new-dtags -Wl,--gc-sections -Wl,--allow-shlib-undefined -Wl,-rpath,/mnt/l/f/share/cnliao/software/conda/envs/prod/lib -Wl,-rpath-link,/mnt/l/f/share/cnliao/software/conda/envs/prod/lib -L/mnt/l/f/share/cnliao/software/conda/envs/prod/lib -v CMakeFiles/cmTC_30c0f.dir/CMakeCXXCompilerABI.cpp.o -o cmTC_30c0f 
Reading specs from /mnt/l/f/share/cnliao/software/conda/envs/prod/bin/../lib/gcc/x86_64-conda-linux-gnu/9.4.0/specs
could not find specs file conda.specs
COLLECT_GCC=/mnt/l/f/share/cnliao/software/conda/envs/prod/bin/x86_64-conda-linux-gnu-c++
COLLECT_LTO_WRAPPER=/mnt/l/f/share/cnliao/software/conda/envs/prod/bin/../libexec/gcc/x86_64-conda-linux-gnu/9.4.0/lto-wrapper
Target: x86_64-conda-linux-gnu
Configured with: ../configure --prefix=/home/conda/feedstock_root/build_artifacts/gcc_compilers_1649355369539/_h_env_placehold_placehold_placehold_placehold_placehold_placehold_placehold_placehold_placehold_placehold_placehold_placehold_placehold_placehold_placehold_placehold_placehold_placeho --with-slibdir=/home/conda/feedstock_root/build_artifacts/gcc_compilers_1649355369539/_h_env_placehold_placehold_placehold_placehold_placehold_placehold_placehold_placehold_placehold_placehold_placehold_placehold_placehold_placehold_placehold_placehold_placehold_placeho/lib --libdir=/home/conda/feedstock_root/build_artifacts/gcc_compilers_1649355369539/_h_env_placehold_placehold_placehold_placehold_placehold_placehold_placehold_placehold_placehold_placehold_placehold_placehold_placehold_placehold_placehold_placehold_placehold_placeho/lib --mandir=/home/conda/feedstock_root/build_artifacts/gcc_compilers_1649355369539/_h_env_placehold_placehold_placehold_placehold_placehold_placehold_placehold_placehold_placehold_placehold_placehold_placehold_placehold_placehold_placehold_placehold_placehold_placeho/man --build=x86_64-conda-linux-gnu --host=x86_64-conda-linux-gnu --target=x86_64-conda-linux-gnu --enable-default-pie --enable-languages=c,c++,fortran,objc,obj-c++ --enable-__cxa_atexit --disable-libmudflap --enable-libgomp --disable-libssp --enable-libquadmath --enable-libquadmath-support --enable-libsanitizer --enable-lto --enable-threads=posix --enable-target-optspace --enable-plugin --enable-gold --disable-nls --disable-bootstrap --disable-multilib --enable-long-long --with-sysroot=/home/conda/feedstock_root/build_artifacts/gcc_compilers_1649355369539/_h_env_placehold_placehold_placehold_placehold_placehold_placehold_placehold_placehold_placehold_placehold_placehold_placehold_placehold_placehold_placehold_placehold_placehold_placeho/x86_64-conda-linux-gnu/sysroot --with-build-sysroot=/home/conda/feedstock_root/build_artifacts/gcc_compilers_1649355369539/_build_env/x86_64-conda-linux-gnu/sysroot --with-gxx-include-dir=/home/conda/feedstock_root/build_artifacts/gcc_compilers_1649355369539/_h_env_placehold_placehold_placehold_placehold_placehold_placehold_placehold_placehold_placehold_placehold_placehold_placehold_placehold_placehold_placehold_placehold_placehold_placeho/x86_64-conda-linux-gnu/include/c++/9.4.0 --with-pkgversion='conda-forge 9.4.0-15' --with-bugurl=https://github.com/conda-forge/ctng-compilers-feedstock/issues/new/choose
Thread model: posix
gcc version 9.4.0 (conda-forge 9.4.0-15) 
COMPILER_PATH=/mnt/l/f/share/cnliao/software/conda/envs/prod/bin/../libexec/gcc/x86_64-conda-linux-gnu/9.4.0/:/mnt/l/f/share/cnliao/software/conda/envs/prod/bin/../libexec/gcc/:/mnt/l/f/share/cnliao/software/conda/envs/prod/bin/../lib/gcc/x86_64-conda-linux-gnu/9.4.0/../../../../x86_64-conda-linux-gnu/bin/
LIBRARY_PATH=/mnt/l/f/share/cnliao/software/conda/envs/prod/bin/../lib/gcc/x86_64-conda-linux-gnu/9.4.0/:/mnt/l/f/share/cnliao/software/conda/envs/prod/bin/../lib/gcc/:/mnt/l/f/share/cnliao/software/conda/envs/prod/bin/../lib/gcc/x86_64-conda-linux-gnu/9.4.0/../../../../x86_64-conda-linux-gnu/lib/../lib/:/mnt/l/f/share/cnliao/software/conda/envs/prod/bin/../lib/gcc/x86_64-conda-linux-gnu/9.4.0/../../../../lib/:/mnt/l/f/share/cnliao/software/conda/envs/prod/bin/../x86_64-conda-linux-gnu/sysroot/lib/../lib/:/mnt/l/f/share/cnliao/software/conda/envs/prod/bin/../x86_64-conda-linux-gnu/sysroot/usr/lib/../lib/:/mnt/l/f/share/cnliao/software/conda/envs/prod/bin/../lib/gcc/x86_64-conda-linux-gnu/9.4.0/../../../../x86_64-conda-linux-gnu/lib/:/mnt/l/f/share/cnliao/software/conda/envs/prod/bin/../lib/gcc/x86_64-conda-linux-gnu/9.4.0/../../../:/mnt/l/f/share/cnliao/software/conda/envs/prod/bin/../x86_64-conda-linux-gnu/sysroot/lib/:/mnt/l/f/share/cnliao/software/conda/envs/prod/bin/../x86_64-conda-linux-gnu/sysroot/usr/lib/
COLLECT_GCC_OPTIONS='-fvisibility-inlines-hidden' '-std=c++17' '-fmessage-length=0' '-march=nocona' '-mtune=haswell' '-ftree-vectorize' '-fPIC' '-fstack-protector-strong' '-fno-plt' '-O2' '-ffunction-sections' '-pipe' '-isystem' '/mnt/l/f/share/cnliao/software/conda/envs/prod/include' '-L/mnt/l/f/share/cnliao/software/conda/envs/prod/lib' '-v' '-o' 'cmTC_30c0f' '-shared-libgcc'
 /mnt/l/f/share/cnliao/software/conda/envs/prod/bin/../libexec/gcc/x86_64-conda-linux-gnu/9.4.0/collect2 -plugin /mnt/l/f/share/cnliao/software/conda/envs/prod/bin/../libexec/gcc/x86_64-conda-linux-gnu/9.4.0/liblto_plugin.so -plugin-opt=/mnt/l/f/share/cnliao/software/conda/envs/prod/bin/../libexec/gcc/x86_64-conda-linux-gnu/9.4.0/lto-wrapper -plugin-opt=-fresolution=/tmp/ccVonsp7.res -plugin-opt=-pass-through=-lgcc_s -plugin-opt=-pass-through=-lgcc -plugin-opt=-pass-through=-lc -plugin-opt=-pass-through=-lgcc_s -plugin-opt=-pass-through=-lgcc --sysroot=/mnt/l/f/share/cnliao/software/conda/envs/prod/bin/../x86_64-conda-linux-gnu/sysroot --eh-frame-hdr -m elf_x86_64 -dynamic-linker /lib64/ld-linux-x86-64.so.2 -pie -o cmTC_30c0f /mnt/l/f/share/cnliao/software/conda/envs/prod/bin/../x86_64-conda-linux-gnu/sysroot/usr/lib/../lib/Scrt1.o /mnt/l/f/share/cnliao/software/conda/envs/prod/bin/../x86_64-conda-linux-gnu/sysroot/usr/lib/../lib/crti.o /mnt/l/f/share/cnliao/software/conda/envs/prod/bin/../lib/gcc/x86_64-conda-linux-gnu/9.4.0/crtbeginS.o -L/mnt/l/f/share/cnliao/software/conda/envs/prod/lib -L/mnt/l/f/share/cnliao/software/conda/envs/prod/bin/../lib/gcc/x86_64-conda-linux-gnu/9.4.0 -L/mnt/l/f/share/cnliao/software/conda/envs/prod/bin/../lib/gcc -L/mnt/l/f/share/cnliao/software/conda/envs/prod/bin/../lib/gcc/x86_64-conda-linux-gnu/9.4.0/../../../../x86_64-conda-linux-gnu/lib/../lib -L/mnt/l/f/share/cnliao/software/conda/envs/prod/bin/../lib/gcc/x86_64-conda-linux-gnu/9.4.0/../../../../lib -L/mnt/l/f/share/cnliao/software/conda/envs/prod/bin/../x86_64-conda-linux-gnu/sysroot/lib/../lib -L/mnt/l/f/share/cnliao/software/conda/envs/prod/bin/../x86_64-conda-linux-gnu/sysroot/usr/lib/../lib -L/mnt/l/f/share/cnliao/software/conda/envs/prod/bin/../lib/gcc/x86_64-conda-linux-gnu/9.4.0/../../../../x86_64-conda-linux-gnu/lib -L/mnt/l/f/share/cnliao/software/conda/envs/prod/bin/../lib/gcc/x86_64-conda-linux-gnu/9.4.0/../../.. -L/mnt/l/f/share/cnliao/software/conda/envs/prod/bin/../x86_64-conda-linux-gnu/sysroot/lib -L/mnt/l/f/share/cnliao/software/conda/envs/prod/bin/../x86_64-conda-linux-gnu/sysroot/usr/lib -O2 --sort-common --as-needed -z relro -z now --disable-new-dtags --gc-sections --allow-shlib-undefined -rpath /mnt/l/f/share/cnliao/software/conda/envs/prod/lib -rpath-link /mnt/l/f/share/cnliao/software/conda/envs/prod/lib CMakeFiles/cmTC_30c0f.dir/CMakeCXXCompilerABI.cpp.o -lstdc++ -lm -lgcc_s -lgcc -lc -lgcc_s -lgcc /mnt/l/f/share/cnliao/software/conda/envs/prod/bin/../lib/gcc/x86_64-conda-linux-gnu/9.4.0/crtendS.o /mnt/l/f/share/cnliao/software/conda/envs/prod/bin/../x86_64-conda-linux-gnu/sysroot/usr/lib/../lib/crtn.o -rpath /mnt/l/f/share/cnliao/software/conda/envs/prod/lib
COLLECT_GCC_OPTIONS='-fvisibility-inlines-hidden' '-std=c++17' '-fmessage-length=0' '-march=nocona' '-mtune=haswell' '-ftree-vectorize' '-fPIC' '-fstack-protector-strong' '-fno-plt' '-O2' '-ffunction-sections' '-pipe' '-isystem' '/mnt/l/f/share/cnliao/software/conda/envs/prod/include' '-L/mnt/l/f/share/cnliao/software/conda/envs/prod/lib' '-v' '-o' 'cmTC_30c0f' '-shared-libgcc'
gmake[1]: Leaving directory '/home/bwang/gsim_wks/app/3rdparty/tracy/build/CMakeFiles/CMakeTmp'



Parsed CXX implicit include dir info from above output: rv=done
  found start of include info
  found start of implicit include info
    add: [/mnt/l/f/share/cnliao/software/conda/envs/prod/include]
    add: [/mnt/l/f/share/cnliao/software/conda/envs/prod/bin/../lib/gcc/x86_64-conda-linux-gnu/9.4.0/include]
    add: [/mnt/l/f/share/cnliao/software/conda/envs/prod/bin/../lib/gcc/x86_64-conda-linux-gnu/9.4.0/include-fixed]
    add: [/mnt/l/f/share/cnliao/software/conda/envs/prod/bin/../lib/gcc/x86_64-conda-linux-gnu/9.4.0/../../../../x86_64-conda-linux-gnu/include]
    add: [/mnt/l/f/share/cnliao/software/conda/envs/prod/bin/../lib/gcc/../../x86_64-conda-linux-gnu/include/c++/9.4.0]
    add: [/mnt/l/f/share/cnliao/software/conda/envs/prod/bin/../lib/gcc/../../x86_64-conda-linux-gnu/include/c++/9.4.0/x86_64-conda-linux-gnu]
    add: [/mnt/l/f/share/cnliao/software/conda/envs/prod/bin/../lib/gcc/../../x86_64-conda-linux-gnu/include/c++/9.4.0/backward]
    add: [/mnt/l/f/share/cnliao/software/conda/envs/prod/bin/../x86_64-conda-linux-gnu/sysroot/usr/include]
  end of search list found
  collapse include dir [/mnt/l/f/share/cnliao/software/conda/envs/prod/include] ==> [/mnt/l/f/share/cnliao/software/conda/envs/prod/include]
  collapse include dir [/mnt/l/f/share/cnliao/software/conda/envs/prod/bin/../lib/gcc/x86_64-conda-linux-gnu/9.4.0/include] ==> [/mnt/l/f/share/cnliao/software/conda/envs/prod/lib/gcc/x86_64-conda-linux-gnu/9.4.0/include]
  collapse include dir [/mnt/l/f/share/cnliao/software/conda/envs/prod/bin/../lib/gcc/x86_64-conda-linux-gnu/9.4.0/include-fixed] ==> [/mnt/l/f/share/cnliao/software/conda/envs/prod/lib/gcc/x86_64-conda-linux-gnu/9.4.0/include-fixed]
  collapse include dir [/mnt/l/f/share/cnliao/software/conda/envs/prod/bin/../lib/gcc/x86_64-conda-linux-gnu/9.4.0/../../../../x86_64-conda-linux-gnu/include] ==> [/mnt/l/f/share/cnliao/software/conda/envs/prod/x86_64-conda-linux-gnu/include]
  collapse include dir [/mnt/l/f/share/cnliao/software/conda/envs/prod/bin/../lib/gcc/../../x86_64-conda-linux-gnu/include/c++/9.4.0] ==> [/mnt/l/f/share/cnliao/software/conda/envs/prod/x86_64-conda-linux-gnu/include/c++/9.4.0]
  collapse include dir [/mnt/l/f/share/cnliao/software/conda/envs/prod/bin/../lib/gcc/../../x86_64-conda-linux-gnu/include/c++/9.4.0/x86_64-conda-linux-gnu] ==> [/mnt/l/f/share/cnliao/software/conda/envs/prod/x86_64-conda-linux-gnu/include/c++/9.4.0/x86_64-conda-linux-gnu]
  collapse include dir [/mnt/l/f/share/cnliao/software/conda/envs/prod/bin/../lib/gcc/../../x86_64-conda-linux-gnu/include/c++/9.4.0/backward] ==> [/mnt/l/f/share/cnliao/software/conda/envs/prod/x86_64-conda-linux-gnu/include/c++/9.4.0/backward]
  collapse include dir [/mnt/l/f/share/cnliao/software/conda/envs/prod/bin/../x86_64-conda-linux-gnu/sysroot/usr/include] ==> [/mnt/l/f/share/cnliao/software/conda/envs/prod/x86_64-conda-linux-gnu/sysroot/usr/include]
  implicit include dirs: [/mnt/l/f/share/cnliao/software/conda/envs/prod/include;/mnt/l/f/share/cnliao/software/conda/envs/prod/lib/gcc/x86_64-conda-linux-gnu/9.4.0/include;/mnt/l/f/share/cnliao/software/conda/envs/prod/lib/gcc/x86_64-conda-linux-gnu/9.4.0/include-fixed;/mnt/l/f/share/cnliao/software/conda/envs/prod/x86_64-conda-linux-gnu/include;/mnt/l/f/share/cnliao/software/conda/envs/prod/x86_64-conda-linux-gnu/include/c++/9.4.0;/mnt/l/f/share/cnliao/software/conda/envs/prod/x86_64-conda-linux-gnu/include/c++/9.4.0/x86_64-conda-linux-gnu;/mnt/l/f/share/cnliao/software/conda/envs/prod/x86_64-conda-linux-gnu/include/c++/9.4.0/backward;/mnt/l/f/share/cnliao/software/conda/envs/prod/x86_64-conda-linux-gnu/sysroot/usr/include]


Parsed CXX implicit link information from above output:
  link line regex: [^( *|.*[/\])(x86_64-conda-linux-gnu-ld|CMAKE_LINK_STARTFILE-NOTFOUND|([^/\]+-)?ld|collect2)[^/\]*( |$)]
  ignore line: [Change Dir: /home/bwang/gsim_wks/app/3rdparty/tracy/build/CMakeFiles/CMakeTmp]
  ignore line: []
  ignore line: [Run Build Command(s):/usr/bin/gmake -f Makefile cmTC_30c0f/fast && /usr/bin/gmake  -f CMakeFiles/cmTC_30c0f.dir/build.make CMakeFiles/cmTC_30c0f.dir/build]
  ignore line: [gmake[1]: Entering directory '/home/bwang/gsim_wks/app/3rdparty/tracy/build/CMakeFiles/CMakeTmp']
  ignore line: [Building CXX object CMakeFiles/cmTC_30c0f.dir/CMakeCXXCompilerABI.cpp.o]
  ignore line: [/mnt/l/f/share/cnliao/software/conda/envs/prod/bin/x86_64-conda-linux-gnu-c++   -fvisibility-inlines-hidden -std=c++17 -fmessage-length=0 -march=nocona -mtune=haswell -ftree-vectorize -fPIC -fstack-protector-strong -fno-plt -O2 -ffunction-sections -pipe -isystem /mnt/l/f/share/cnliao/software/conda/envs/prod/include    -v -o CMakeFiles/cmTC_30c0f.dir/CMakeCXXCompilerABI.cpp.o -c /mnt/l/f/share/cnliao/software/conda/envs/prod/share/cmake-3.20/Modules/CMakeCXXCompilerABI.cpp]
  ignore line: [Reading specs from /mnt/l/f/share/cnliao/software/conda/envs/prod/bin/../lib/gcc/x86_64-conda-linux-gnu/9.4.0/specs]
  ignore line: [could not find specs file conda.specs]
  ignore line: [COLLECT_GCC=/mnt/l/f/share/cnliao/software/conda/envs/prod/bin/x86_64-conda-linux-gnu-c++]
  ignore line: [Target: x86_64-conda-linux-gnu]
  ignore line: [Configured with: ../configure --prefix=/home/conda/feedstock_root/build_artifacts/gcc_compilers_1649355369539/_h_env_placehold_placehold_placehold_placehold_placehold_placehold_placehold_placehold_placehold_placehold_placehold_placehold_placehold_placehold_placehold_placehold_placehold_placeho --with-slibdir=/home/conda/feedstock_root/build_artifacts/gcc_compilers_1649355369539/_h_env_placehold_placehold_placehold_placehold_placehold_placehold_placehold_placehold_placehold_placehold_placehold_placehold_placehold_placehold_placehold_placehold_placehold_placeho/lib --libdir=/home/conda/feedstock_root/build_artifacts/gcc_compilers_1649355369539/_h_env_placehold_placehold_placehold_placehold_placehold_placehold_placehold_placehold_placehold_placehold_placehold_placehold_placehold_placehold_placehold_placehold_placehold_placeho/lib --mandir=/home/conda/feedstock_root/build_artifacts/gcc_compilers_1649355369539/_h_env_placehold_placehold_placehold_placehold_placehold_placehold_placehold_placehold_placehold_placehold_placehold_placehold_placehold_placehold_placehold_placehold_placehold_placeho/man --build=x86_64-conda-linux-gnu --host=x86_64-conda-linux-gnu --target=x86_64-conda-linux-gnu --enable-default-pie --enable-languages=c c++ fortran objc obj-c++ --enable-__cxa_atexit --disable-libmudflap --enable-libgomp --disable-libssp --enable-libquadmath --enable-libquadmath-support --enable-libsanitizer --enable-lto --enable-threads=posix --enable-target-optspace --enable-plugin --enable-gold --disable-nls --disable-bootstrap --disable-multilib --enable-long-long --with-sysroot=/home/conda/feedstock_root/build_artifacts/gcc_compilers_1649355369539/_h_env_placehold_placehold_placehold_placehold_placehold_placehold_placehold_placehold_placehold_placehold_placehold_placehold_placehold_placehold_placehold_placehold_placehold_placeho/x86_64-conda-linux-gnu/sysroot --with-build-sysroot=/home/conda/feedstock_root/build_artifacts/gcc_compilers_1649355369539/_build_env/x86_64-conda-linux-gnu/sysroot --with-gxx-include-dir=/home/conda/feedstock_root/build_artifacts/gcc_compilers_1649355369539/_h_env_placehold_placehold_placehold_placehold_placehold_placehold_placehold_placehold_placehold_placehold_placehold_placehold_placehold_placehold_placehold_placehold_placehold_placeho/x86_64-conda-linux-gnu/include/c++/9.4.0 --with-pkgversion='conda-forge 9.4.0-15' --with-bugurl=https://github.com/conda-forge/ctng-compilers-feedstock/issues/new/choose]
  ignore line: [Thread model: posix]
  ignore line: [gcc version 9.4.0 (conda-forge 9.4.0-15) ]
  ignore line: [COLLECT_GCC_OPTIONS='-fvisibility-inlines-hidden' '-std=c++17' '-fmessage-length=0' '-march=nocona' '-mtune=haswell' '-ftree-vectorize' '-fPIC' '-fstack-protector-strong' '-fno-plt' '-O2' '-ffunction-sections' '-pipe' '-isystem' '/mnt/l/f/share/cnliao/software/conda/envs/prod/include' '-v' '-o' 'CMakeFiles/cmTC_30c0f.dir/CMakeCXXCompilerABI.cpp.o' '-c' '-shared-libgcc']
  ignore line: [ /mnt/l/f/share/cnliao/software/conda/envs/prod/bin/../libexec/gcc/x86_64-conda-linux-gnu/9.4.0/cc1plus -quiet -v -iprefix /mnt/l/f/share/cnliao/software/conda/envs/prod/bin/../lib/gcc/x86_64-conda-linux-gnu/9.4.0/ -isysroot /mnt/l/f/share/cnliao/software/conda/envs/prod/bin/../x86_64-conda-linux-gnu/sysroot -D_GNU_SOURCE -isystem /mnt/l/f/share/cnliao/software/conda/envs/prod/include /mnt/l/f/share/cnliao/software/conda/envs/prod/share/cmake-3.20/Modules/CMakeCXXCompilerABI.cpp -quiet -dumpbase CMakeCXXCompilerABI.cpp -march=nocona -mtune=haswell -auxbase-strip CMakeFiles/cmTC_30c0f.dir/CMakeCXXCompilerABI.cpp.o -O2 -std=c++17 -version -fvisibility-inlines-hidden -fmessage-length=0 -ftree-vectorize -fPIC -fstack-protector-strong -fno-plt -ffunction-sections -o - |]
  ignore line: [ /mnt/l/f/share/cnliao/software/conda/envs/prod/bin/../lib/gcc/x86_64-conda-linux-gnu/9.4.0/../../../../x86_64-conda-linux-gnu/bin/as -v --64 -o CMakeFiles/cmTC_30c0f.dir/CMakeCXXCompilerABI.cpp.o]
  ignore line: [GNU assembler version 2.36.1 (x86_64-conda-linux-gnu) using BFD version (GNU Binutils) 2.36.1]
  ignore line: [GNU C++17 (conda-forge 9.4.0-15) version 9.4.0 (x86_64-conda-linux-gnu)]
  ignore line: [	compiled by GNU C version 9.4.0  GMP version 6.1.0  MPFR version 3.1.4  MPC version 1.0.3  isl version isl-0.18-GMP]
  ignore line: []
  ignore line: [GGC heuristics: --param ggc-min-expand=100 --param ggc-min-heapsize=131072]
  ignore line: [ignoring duplicate directory "/mnt/l/f/share/cnliao/software/conda/envs/prod/bin/../lib/gcc/../../lib/gcc/x86_64-conda-linux-gnu/9.4.0/include"]
  ignore line: [ignoring nonexistent directory "/mnt/l/f/share/cnliao/software/conda/envs/prod/bin/../x86_64-conda-linux-gnu/sysroot/usr/local/include"]
  ignore line: [ignoring duplicate directory "/mnt/l/f/share/cnliao/software/conda/envs/prod/bin/../lib/gcc/../../lib/gcc/x86_64-conda-linux-gnu/9.4.0/include-fixed"]
  ignore line: [ignoring duplicate directory "/mnt/l/f/share/cnliao/software/conda/envs/prod/bin/../lib/gcc/../../lib/gcc/x86_64-conda-linux-gnu/9.4.0/../../../../x86_64-conda-linux-gnu/include"]
  ignore line: [#include "..." search starts here:]
  ignore line: [#include <...> search starts here:]
  ignore line: [ /mnt/l/f/share/cnliao/software/conda/envs/prod/include]
  ignore line: [ /mnt/l/f/share/cnliao/software/conda/envs/prod/bin/../lib/gcc/x86_64-conda-linux-gnu/9.4.0/include]
  ignore line: [ /mnt/l/f/share/cnliao/software/conda/envs/prod/bin/../lib/gcc/x86_64-conda-linux-gnu/9.4.0/include-fixed]
  ignore line: [ /mnt/l/f/share/cnliao/software/conda/envs/prod/bin/../lib/gcc/x86_64-conda-linux-gnu/9.4.0/../../../../x86_64-conda-linux-gnu/include]
  ignore line: [ /mnt/l/f/share/cnliao/software/conda/envs/prod/bin/../lib/gcc/../../x86_64-conda-linux-gnu/include/c++/9.4.0]
  ignore line: [ /mnt/l/f/share/cnliao/software/conda/envs/prod/bin/../lib/gcc/../../x86_64-conda-linux-gnu/include/c++/9.4.0/x86_64-conda-linux-gnu]
  ignore line: [ /mnt/l/f/share/cnliao/software/conda/envs/prod/bin/../lib/gcc/../../x86_64-conda-linux-gnu/include/c++/9.4.0/backward]
  ignore line: [ /mnt/l/f/share/cnliao/software/conda/envs/prod/bin/../x86_64-conda-linux-gnu/sysroot/usr/include]
  ignore line: [End of search list.]
  ignore line: [GNU C++17 (conda-forge 9.4.0-15) version 9.4.0 (x86_64-conda-linux-gnu)]
  ignore line: [	compiled by GNU C version 9.4.0  GMP version 6.1.0  MPFR version 3.1.4  MPC version 1.0.3  isl version isl-0.18-GMP]
  ignore line: []
  ignore line: [GGC heuristics: --param ggc-min-expand=100 --param ggc-min-heapsize=131072]
  ignore line: [Compiler executable checksum: ed1a3cc878430c819c29c9bff139be4a]
  ignore line: [COMPILER_PATH=/mnt/l/f/share/cnliao/software/conda/envs/prod/bin/../libexec/gcc/x86_64-conda-linux-gnu/9.4.0/:/mnt/l/f/share/cnliao/software/conda/envs/prod/bin/../libexec/gcc/:/mnt/l/f/share/cnliao/software/conda/envs/prod/bin/../lib/gcc/x86_64-conda-linux-gnu/9.4.0/../../../../x86_64-conda-linux-gnu/bin/]
  ignore line: [LIBRARY_PATH=/mnt/l/f/share/cnliao/software/conda/envs/prod/bin/../lib/gcc/x86_64-conda-linux-gnu/9.4.0/:/mnt/l/f/share/cnliao/software/conda/envs/prod/bin/../lib/gcc/:/mnt/l/f/share/cnliao/software/conda/envs/prod/bin/../lib/gcc/x86_64-conda-linux-gnu/9.4.0/../../../../x86_64-conda-linux-gnu/lib/../lib/:/mnt/l/f/share/cnliao/software/conda/envs/prod/bin/../lib/gcc/x86_64-conda-linux-gnu/9.4.0/../../../../lib/:/mnt/l/f/share/cnliao/software/conda/envs/prod/bin/../x86_64-conda-linux-gnu/sysroot/lib/../lib/:/mnt/l/f/share/cnliao/software/conda/envs/prod/bin/../x86_64-conda-linux-gnu/sysroot/usr/lib/../lib/:/mnt/l/f/share/cnliao/software/conda/envs/prod/bin/../lib/gcc/x86_64-conda-linux-gnu/9.4.0/../../../../x86_64-conda-linux-gnu/lib/:/mnt/l/f/share/cnliao/software/conda/envs/prod/bin/../lib/gcc/x86_64-conda-linux-gnu/9.4.0/../../../:/mnt/l/f/share/cnliao/software/conda/envs/prod/bin/../x86_64-conda-linux-gnu/sysroot/lib/:/mnt/l/f/share/cnliao/software/conda/envs/prod/bin/../x86_64-conda-linux-gnu/sysroot/usr/lib/]
  ignore line: [COLLECT_GCC_OPTIONS='-fvisibility-inlines-hidden' '-std=c++17' '-fmessage-length=0' '-march=nocona' '-mtune=haswell' '-ftree-vectorize' '-fPIC' '-fstack-protector-strong' '-fno-plt' '-O2' '-ffunction-sections' '-pipe' '-isystem' '/mnt/l/f/share/cnliao/software/conda/envs/prod/include' '-v' '-o' 'CMakeFiles/cmTC_30c0f.dir/CMakeCXXCompilerABI.cpp.o' '-c' '-shared-libgcc']
  ignore line: [Linking CXX executable cmTC_30c0f]
  ignore line: [/mnt/l/f/share/cnliao/software/conda/envs/prod/bin/cmake -E cmake_link_script CMakeFiles/cmTC_30c0f.dir/link.txt --verbose=1]
  ignore line: [/mnt/l/f/share/cnliao/software/conda/envs/prod/bin/x86_64-conda-linux-gnu-c++ -fvisibility-inlines-hidden -std=c++17 -fmessage-length=0 -march=nocona -mtune=haswell -ftree-vectorize -fPIC -fstack-protector-strong -fno-plt -O2 -ffunction-sections -pipe -isystem /mnt/l/f/share/cnliao/software/conda/envs/prod/include  -Wl -O2 -Wl --sort-common -Wl --as-needed -Wl -z relro -Wl -z now -Wl --disable-new-dtags -Wl --gc-sections -Wl --allow-shlib-undefined -Wl -rpath /mnt/l/f/share/cnliao/software/conda/envs/prod/lib -Wl -rpath-link /mnt/l/f/share/cnliao/software/conda/envs/prod/lib -L/mnt/l/f/share/cnliao/software/conda/envs/prod/lib -v CMakeFiles/cmTC_30c0f.dir/CMakeCXXCompilerABI.cpp.o -o cmTC_30c0f ]
  ignore line: [Reading specs from /mnt/l/f/share/cnliao/software/conda/envs/prod/bin/../lib/gcc/x86_64-conda-linux-gnu/9.4.0/specs]
  ignore line: [could not find specs file conda.specs]
  ignore line: [COLLECT_GCC=/mnt/l/f/share/cnliao/software/conda/envs/prod/bin/x86_64-conda-linux-gnu-c++]
  ignore line: [COLLECT_LTO_WRAPPER=/mnt/l/f/share/cnliao/software/conda/envs/prod/bin/../libexec/gcc/x86_64-conda-linux-gnu/9.4.0/lto-wrapper]
  ignore line: [Target: x86_64-conda-linux-gnu]
  ignore line: [Configured with: ../configure --prefix=/home/conda/feedstock_root/build_artifacts/gcc_compilers_1649355369539/_h_env_placehold_placehold_placehold_placehold_placehold_placehold_placehold_placehold_placehold_placehold_placehold_placehold_placehold_placehold_placehold_placehold_placehold_placeho --with-slibdir=/home/conda/feedstock_root/build_artifacts/gcc_compilers_1649355369539/_h_env_placehold_placehold_placehold_placehold_placehold_placehold_placehold_placehold_placehold_placehold_placehold_placehold_placehold_placehold_placehold_placehold_placehold_placeho/lib --libdir=/home/conda/feedstock_root/build_artifacts/gcc_compilers_1649355369539/_h_env_placehold_placehold_placehold_placehold_placehold_placehold_placehold_placehold_placehold_placehold_placehold_placehold_placehold_placehold_placehold_placehold_placehold_placeho/lib --mandir=/home/conda/feedstock_root/build_artifacts/gcc_compilers_1649355369539/_h_env_placehold_placehold_placehold_placehold_placehold_placehold_placehold_placehold_placehold_placehold_placehold_placehold_placehold_placehold_placehold_placehold_placehold_placeho/man --build=x86_64-conda-linux-gnu --host=x86_64-conda-linux-gnu --target=x86_64-conda-linux-gnu --enable-default-pie --enable-languages=c c++ fortran objc obj-c++ --enable-__cxa_atexit --disable-libmudflap --enable-libgomp --disable-libssp --enable-libquadmath --enable-libquadmath-support --enable-libsanitizer --enable-lto --enable-threads=posix --enable-target-optspace --enable-plugin --enable-gold --disable-nls --disable-bootstrap --disable-multilib --enable-long-long --with-sysroot=/home/conda/feedstock_root/build_artifacts/gcc_compilers_1649355369539/_h_env_placehold_placehold_placehold_placehold_placehold_placehold_placehold_placehold_placehold_placehold_placehold_placehold_placehold_placehold_placehold_placehold_placehold_placeho/x86_64-conda-linux-gnu/sysroot --with-build-sysroot=/home/conda/feedstock_root/build_artifacts/gcc_compilers_1649355369539/_build_env/x86_64-conda-linux-gnu/sysroot --with-gxx-include-dir=/home/conda/feedstock_root/build_artifacts/gcc_compilers_1649355369539/_h_env_placehold_placehold_placehold_placehold_placehold_placehold_placehold_placehold_placehold_placehold_placehold_placehold_placehold_placehold_placehold_placehold_placehold_placeho/x86_64-conda-linux-gnu/include/c++/9.4.0 --with-pkgversion='conda-forge 9.4.0-15' --with-bugurl=https://github.com/conda-forge/ctng-compilers-feedstock/issues/new/choose]
  ignore line: [Thread model: posix]
  ignore line: [gcc version 9.4.0 (conda-forge 9.4.0-15) ]
  ignore line: [COMPILER_PATH=/mnt/l/f/share/cnliao/software/conda/envs/prod/bin/../libexec/gcc/x86_64-conda-linux-gnu/9.4.0/:/mnt/l/f/share/cnliao/software/conda/envs/prod/bin/../libexec/gcc/:/mnt/l/f/share/cnliao/software/conda/envs/prod/bin/../lib/gcc/x86_64-conda-linux-gnu/9.4.0/../../../../x86_64-conda-linux-gnu/bin/]
  ignore line: [LIBRARY_PATH=/mnt/l/f/share/cnliao/software/conda/envs/prod/bin/../lib/gcc/x86_64-conda-linux-gnu/9.4.0/:/mnt/l/f/share/cnliao/software/conda/envs/prod/bin/../lib/gcc/:/mnt/l/f/share/cnliao/software/conda/envs/prod/bin/../lib/gcc/x86_64-conda-linux-gnu/9.4.0/../../../../x86_64-conda-linux-gnu/lib/../lib/:/mnt/l/f/share/cnliao/software/conda/envs/prod/bin/../lib/gcc/x86_64-conda-linux-gnu/9.4.0/../../../../lib/:/mnt/l/f/share/cnliao/software/conda/envs/prod/bin/../x86_64-conda-linux-gnu/sysroot/lib/../lib/:/mnt/l/f/share/cnliao/software/conda/envs/prod/bin/../x86_64-conda-linux-gnu/sysroot/usr/lib/../lib/:/mnt/l/f/share/cnliao/software/conda/envs/prod/bin/../lib/gcc/x86_64-conda-linux-gnu/9.4.0/../../../../x86_64-conda-linux-gnu/lib/:/mnt/l/f/share/cnliao/software/conda/envs/prod/bin/../lib/gcc/x86_64-conda-linux-gnu/9.4.0/../../../:/mnt/l/f/share/cnliao/software/conda/envs/prod/bin/../x86_64-conda-linux-gnu/sysroot/lib/:/mnt/l/f/share/cnliao/software/conda/envs/prod/bin/../x86_64-conda-linux-gnu/sysroot/usr/lib/]
  ignore line: [COLLECT_GCC_OPTIONS='-fvisibility-inlines-hidden' '-std=c++17' '-fmessage-length=0' '-march=nocona' '-mtune=haswell' '-ftree-vectorize' '-fPIC' '-fstack-protector-strong' '-fno-plt' '-O2' '-ffunction-sections' '-pipe' '-isystem' '/mnt/l/f/share/cnliao/software/conda/envs/prod/include' '-L/mnt/l/f/share/cnliao/software/conda/envs/prod/lib' '-v' '-o' 'cmTC_30c0f' '-shared-libgcc']
  link line: [ /mnt/l/f/share/cnliao/software/conda/envs/prod/bin/../libexec/gcc/x86_64-conda-linux-gnu/9.4.0/collect2 -plugin /mnt/l/f/share/cnliao/software/conda/envs/prod/bin/../libexec/gcc/x86_64-conda-linux-gnu/9.4.0/liblto_plugin.so -plugin-opt=/mnt/l/f/share/cnliao/software/conda/envs/prod/bin/../libexec/gcc/x86_64-conda-linux-gnu/9.4.0/lto-wrapper -plugin-opt=-fresolution=/tmp/ccVonsp7.res -plugin-opt=-pass-through=-lgcc_s -plugin-opt=-pass-through=-lgcc -plugin-opt=-pass-through=-lc -plugin-opt=-pass-through=-lgcc_s -plugin-opt=-pass-through=-lgcc --sysroot=/mnt/l/f/share/cnliao/software/conda/envs/prod/bin/../x86_64-conda-linux-gnu/sysroot --eh-frame-hdr -m elf_x86_64 -dynamic-linker /lib64/ld-linux-x86-64.so.2 -pie -o cmTC_30c0f /mnt/l/f/share/cnliao/software/conda/envs/prod/bin/../x86_64-conda-linux-gnu/sysroot/usr/lib/../lib/Scrt1.o /mnt/l/f/share/cnliao/software/conda/envs/prod/bin/../x86_64-conda-linux-gnu/sysroot/usr/lib/../lib/crti.o /mnt/l/f/share/cnliao/software/conda/envs/prod/bin/../lib/gcc/x86_64-conda-linux-gnu/9.4.0/crtbeginS.o -L/mnt/l/f/share/cnliao/software/conda/envs/prod/lib -L/mnt/l/f/share/cnliao/software/conda/envs/prod/bin/../lib/gcc/x86_64-conda-linux-gnu/9.4.0 -L/mnt/l/f/share/cnliao/software/conda/envs/prod/bin/../lib/gcc -L/mnt/l/f/share/cnliao/software/conda/envs/prod/bin/../lib/gcc/x86_64-conda-linux-gnu/9.4.0/../../../../x86_64-conda-linux-gnu/lib/../lib -L/mnt/l/f/share/cnliao/software/conda/envs/prod/bin/../lib/gcc/x86_64-conda-linux-gnu/9.4.0/../../../../lib -L/mnt/l/f/share/cnliao/software/conda/envs/prod/bin/../x86_64-conda-linux-gnu/sysroot/lib/../lib -L/mnt/l/f/share/cnliao/software/conda/envs/prod/bin/../x86_64-conda-linux-gnu/sysroot/usr/lib/../lib -L/mnt/l/f/share/cnliao/software/conda/envs/prod/bin/../lib/gcc/x86_64-conda-linux-gnu/9.4.0/../../../../x86_64-conda-linux-gnu/lib -L/mnt/l/f/share/cnliao/software/conda/envs/prod/bin/../lib/gcc/x86_64-conda-linux-gnu/9.4.0/../../.. -L/mnt/l/f/share/cnliao/software/conda/envs/prod/bin/../x86_64-conda-linux-gnu/sysroot/lib -L/mnt/l/f/share/cnliao/software/conda/envs/prod/bin/../x86_64-conda-linux-gnu/sysroot/usr/lib -O2 --sort-common --as-needed -z relro -z now --disable-new-dtags --gc-sections --allow-shlib-undefined -rpath /mnt/l/f/share/cnliao/software/conda/envs/prod/lib -rpath-link /mnt/l/f/share/cnliao/software/conda/envs/prod/lib CMakeFiles/cmTC_30c0f.dir/CMakeCXXCompilerABI.cpp.o -lstdc++ -lm -lgcc_s -lgcc -lc -lgcc_s -lgcc /mnt/l/f/share/cnliao/software/conda/envs/prod/bin/../lib/gcc/x86_64-conda-linux-gnu/9.4.0/crtendS.o /mnt/l/f/share/cnliao/software/conda/envs/prod/bin/../x86_64-conda-linux-gnu/sysroot/usr/lib/../lib/crtn.o -rpath /mnt/l/f/share/cnliao/software/conda/envs/prod/lib]
    arg [/mnt/l/f/share/cnliao/software/conda/envs/prod/bin/../libexec/gcc/x86_64-conda-linux-gnu/9.4.0/collect2] ==> ignore
    arg [-plugin] ==> ignore
    arg [/mnt/l/f/share/cnliao/software/conda/envs/prod/bin/../libexec/gcc/x86_64-conda-linux-gnu/9.4.0/liblto_plugin.so] ==> ignore
    arg [-plugin-opt=/mnt/l/f/share/cnliao/software/conda/envs/prod/bin/../libexec/gcc/x86_64-conda-linux-gnu/9.4.0/lto-wrapper] ==> ignore
    arg [-plugin-opt=-fresolution=/tmp/ccVonsp7.res] ==> ignore
    arg [-plugin-opt=-pass-through=-lgcc_s] ==> ignore
    arg [-plugin-opt=-pass-through=-lgcc] ==> ignore
    arg [-plugin-opt=-pass-through=-lc] ==> ignore
    arg [-plugin-opt=-pass-through=-lgcc_s] ==> ignore
    arg [-plugin-opt=-pass-through=-lgcc] ==> ignore
    arg [--sysroot=/mnt/l/f/share/cnliao/software/conda/envs/prod/bin/../x86_64-conda-linux-gnu/sysroot] ==> ignore
    arg [--eh-frame-hdr] ==> ignore
    arg [-m] ==> ignore
    arg [elf_x86_64] ==> ignore
    arg [-dynamic-linker] ==> ignore
    arg [/lib64/ld-linux-x86-64.so.2] ==> ignore
    arg [-pie] ==> ignore
    arg [-o] ==> ignore
    arg [cmTC_30c0f] ==> ignore
    arg [/mnt/l/f/share/cnliao/software/conda/envs/prod/bin/../x86_64-conda-linux-gnu/sysroot/usr/lib/../lib/Scrt1.o] ==> obj [/mnt/l/f/share/cnliao/software/conda/envs/prod/bin/../x86_64-conda-linux-gnu/sysroot/usr/lib/../lib/Scrt1.o]
    arg [/mnt/l/f/share/cnliao/software/conda/envs/prod/bin/../x86_64-conda-linux-gnu/sysroot/usr/lib/../lib/crti.o] ==> obj [/mnt/l/f/share/cnliao/software/conda/envs/prod/bin/../x86_64-conda-linux-gnu/sysroot/usr/lib/../lib/crti.o]
    arg [/mnt/l/f/share/cnliao/software/conda/envs/prod/bin/../lib/gcc/x86_64-conda-linux-gnu/9.4.0/crtbeginS.o] ==> obj [/mnt/l/f/share/cnliao/software/conda/envs/prod/bin/../lib/gcc/x86_64-conda-linux-gnu/9.4.0/crtbeginS.o]
    arg [-L/mnt/l/f/share/cnliao/software/conda/envs/prod/lib] ==> dir [/mnt/l/f/share/cnliao/software/conda/envs/prod/lib]
    arg [-L/mnt/l/f/share/cnliao/software/conda/envs/prod/bin/../lib/gcc/x86_64-conda-linux-gnu/9.4.0] ==> dir [/mnt/l/f/share/cnliao/software/conda/envs/prod/bin/../lib/gcc/x86_64-conda-linux-gnu/9.4.0]
    arg [-L/mnt/l/f/share/cnliao/software/conda/envs/prod/bin/../lib/gcc] ==> dir [/mnt/l/f/share/cnliao/software/conda/envs/prod/bin/../lib/gcc]
    arg [-L/mnt/l/f/share/cnliao/software/conda/envs/prod/bin/../lib/gcc/x86_64-conda-linux-gnu/9.4.0/../../../../x86_64-conda-linux-gnu/lib/../lib] ==> dir [/mnt/l/f/share/cnliao/software/conda/envs/prod/bin/../lib/gcc/x86_64-conda-linux-gnu/9.4.0/../../../../x86_64-conda-linux-gnu/lib/../lib]
    arg [-L/mnt/l/f/share/cnliao/software/conda/envs/prod/bin/../lib/gcc/x86_64-conda-linux-gnu/9.4.0/../../../../lib] ==> dir [/mnt/l/f/share/cnliao/software/conda/envs/prod/bin/../lib/gcc/x86_64-conda-linux-gnu/9.4.0/../../../../lib]
    arg [-L/mnt/l/f/share/cnliao/software/conda/envs/prod/bin/../x86_64-conda-linux-gnu/sysroot/lib/../lib] ==> dir [/mnt/l/f/share/cnliao/software/conda/envs/prod/bin/../x86_64-conda-linux-gnu/sysroot/lib/../lib]
    arg [-L/mnt/l/f/share/cnliao/software/conda/envs/prod/bin/../x86_64-conda-linux-gnu/sysroot/usr/lib/../lib] ==> dir [/mnt/l/f/share/cnliao/software/conda/envs/prod/bin/../x86_64-conda-linux-gnu/sysroot/usr/lib/../lib]
    arg [-L/mnt/l/f/share/cnliao/software/conda/envs/prod/bin/../lib/gcc/x86_64-conda-linux-gnu/9.4.0/../../../../x86_64-conda-linux-gnu/lib] ==> dir [/mnt/l/f/share/cnliao/software/conda/envs/prod/bin/../lib/gcc/x86_64-conda-linux-gnu/9.4.0/../../../../x86_64-conda-linux-gnu/lib]
    arg [-L/mnt/l/f/share/cnliao/software/conda/envs/prod/bin/../lib/gcc/x86_64-conda-linux-gnu/9.4.0/../../..] ==> dir [/mnt/l/f/share/cnliao/software/conda/envs/prod/bin/../lib/gcc/x86_64-conda-linux-gnu/9.4.0/../../..]
    arg [-L/mnt/l/f/share/cnliao/software/conda/envs/prod/bin/../x86_64-conda-linux-gnu/sysroot/lib] ==> dir [/mnt/l/f/share/cnliao/software/conda/envs/prod/bin/../x86_64-conda-linux-gnu/sysroot/lib]
    arg [-L/mnt/l/f/share/cnliao/software/conda/envs/prod/bin/../x86_64-conda-linux-gnu/sysroot/usr/lib] ==> dir [/mnt/l/f/share/cnliao/software/conda/envs/prod/bin/../x86_64-conda-linux-gnu/sysroot/usr/lib]
    arg [-O2] ==> ignore
    arg [--sort-common] ==> ignore
    arg [--as-needed] ==> ignore
    arg [-zrelro] ==> ignore
    arg [-znow] ==> ignore
    arg [--disable-new-dtags] ==> ignore
    arg [--gc-sections] ==> ignore
    arg [--allow-shlib-undefined] ==> ignore
    arg [-rpath] ==> ignore
    arg [/mnt/l/f/share/cnliao/software/conda/envs/prod/lib] ==> ignore
    arg [-rpath-link] ==> ignore
    arg [/mnt/l/f/share/cnliao/software/conda/envs/prod/lib] ==> ignore
    arg [CMakeFiles/cmTC_30c0f.dir/CMakeCXXCompilerABI.cpp.o] ==> ignore
    arg [-lstdc++] ==> lib [stdc++]
    arg [-lm] ==> lib [m]
    arg [-lgcc_s] ==> lib [gcc_s]
    arg [-lgcc] ==> lib [gcc]
    arg [-lc] ==> lib [c]
    arg [-lgcc_s] ==> lib [gcc_s]
    arg [-lgcc] ==> lib [gcc]
    arg [/mnt/l/f/share/cnliao/software/conda/envs/prod/bin/../lib/gcc/x86_64-conda-linux-gnu/9.4.0/crtendS.o] ==> obj [/mnt/l/f/share/cnliao/software/conda/envs/prod/bin/../lib/gcc/x86_64-conda-linux-gnu/9.4.0/crtendS.o]
    arg [/mnt/l/f/share/cnliao/software/conda/envs/prod/bin/../x86_64-conda-linux-gnu/sysroot/usr/lib/../lib/crtn.o] ==> obj [/mnt/l/f/share/cnliao/software/conda/envs/prod/bin/../x86_64-conda-linux-gnu/sysroot/usr/lib/../lib/crtn.o]
    arg [-rpath] ==> ignore
    arg [/mnt/l/f/share/cnliao/software/conda/envs/prod/lib] ==> ignore
  collapse obj [/mnt/l/f/share/cnliao/software/conda/envs/prod/bin/../x86_64-conda-linux-gnu/sysroot/usr/lib/../lib/Scrt1.o] ==> [/mnt/l/f/share/cnliao/software/conda/envs/prod/x86_64-conda-linux-gnu/sysroot/usr/lib/Scrt1.o]
  collapse obj [/mnt/l/f/share/cnliao/software/conda/envs/prod/bin/../x86_64-conda-linux-gnu/sysroot/usr/lib/../lib/crti.o] ==> [/mnt/l/f/share/cnliao/software/conda/envs/prod/x86_64-conda-linux-gnu/sysroot/usr/lib/crti.o]
  collapse obj [/mnt/l/f/share/cnliao/software/conda/envs/prod/bin/../lib/gcc/x86_64-conda-linux-gnu/9.4.0/crtbeginS.o] ==> [/mnt/l/f/share/cnliao/software/conda/envs/prod/lib/gcc/x86_64-conda-linux-gnu/9.4.0/crtbeginS.o]
  collapse obj [/mnt/l/f/share/cnliao/software/conda/envs/prod/bin/../lib/gcc/x86_64-conda-linux-gnu/9.4.0/crtendS.o] ==> [/mnt/l/f/share/cnliao/software/conda/envs/prod/lib/gcc/x86_64-conda-linux-gnu/9.4.0/crtendS.o]
  collapse obj [/mnt/l/f/share/cnliao/software/conda/envs/prod/bin/../x86_64-conda-linux-gnu/sysroot/usr/lib/../lib/crtn.o] ==> [/mnt/l/f/share/cnliao/software/conda/envs/prod/x86_64-conda-linux-gnu/sysroot/usr/lib/crtn.o]
  collapse library dir [/mnt/l/f/share/cnliao/software/conda/envs/prod/lib] ==> [/mnt/l/f/share/cnliao/software/conda/envs/prod/lib]
  collapse library dir [/mnt/l/f/share/cnliao/software/conda/envs/prod/bin/../lib/gcc/x86_64-conda-linux-gnu/9.4.0] ==> [/mnt/l/f/share/cnliao/software/conda/envs/prod/lib/gcc/x86_64-conda-linux-gnu/9.4.0]
  collapse library dir [/mnt/l/f/share/cnliao/software/conda/envs/prod/bin/../lib/gcc] ==> [/mnt/l/f/share/cnliao/software/conda/envs/prod/lib/gcc]
  collapse library dir [/mnt/l/f/share/cnliao/software/conda/envs/prod/bin/../lib/gcc/x86_64-conda-linux-gnu/9.4.0/../../../../x86_64-conda-linux-gnu/lib/../lib] ==> [/mnt/l/f/share/cnliao/software/conda/envs/prod/x86_64-conda-linux-gnu/lib]
  collapse library dir [/mnt/l/f/share/cnliao/software/conda/envs/prod/bin/../lib/gcc/x86_64-conda-linux-gnu/9.4.0/../../../../lib] ==> [/mnt/l/f/share/cnliao/software/conda/envs/prod/lib]
  collapse library dir [/mnt/l/f/share/cnliao/software/conda/envs/prod/bin/../x86_64-conda-linux-gnu/sysroot/lib/../lib] ==> [/mnt/l/f/share/cnliao/software/conda/envs/prod/x86_64-conda-linux-gnu/sysroot/lib]
  collapse library dir [/mnt/l/f/share/cnliao/software/conda/envs/prod/bin/../x86_64-conda-linux-gnu/sysroot/usr/lib/../lib] ==> [/mnt/l/f/share/cnliao/software/conda/envs/prod/x86_64-conda-linux-gnu/sysroot/usr/lib]
  collapse library dir [/mnt/l/f/share/cnliao/software/conda/envs/prod/bin/../lib/gcc/x86_64-conda-linux-gnu/9.4.0/../../../../x86_64-conda-linux-gnu/lib] ==> [/mnt/l/f/share/cnliao/software/conda/envs/prod/x86_64-conda-linux-gnu/lib]
  collapse library dir [/mnt/l/f/share/cnliao/software/conda/envs/prod/bin/../lib/gcc/x86_64-conda-linux-gnu/9.4.0/../../..] ==> [/mnt/l/f/share/cnliao/software/conda/envs/prod/lib]
  collapse library dir [/mnt/l/f/share/cnliao/software/conda/envs/prod/bin/../x86_64-conda-linux-gnu/sysroot/lib] ==> [/mnt/l/f/share/cnliao/software/conda/envs/prod/x86_64-conda-linux-gnu/sysroot/lib]
  collapse library dir [/mnt/l/f/share/cnliao/software/conda/envs/prod/bin/../x86_64-conda-linux-gnu/sysroot/usr/lib] ==> [/mnt/l/f/share/cnliao/software/conda/envs/prod/x86_64-conda-linux-gnu/sysroot/usr/lib]
  implicit libs: [stdc++;m;gcc_s;gcc;c;gcc_s;gcc]
  implicit objs: [/mnt/l/f/share/cnliao/software/conda/envs/prod/x86_64-conda-linux-gnu/sysroot/usr/lib/Scrt1.o;/mnt/l/f/share/cnliao/software/conda/envs/prod/x86_64-conda-linux-gnu/sysroot/usr/lib/crti.o;/mnt/l/f/share/cnliao/software/conda/envs/prod/lib/gcc/x86_64-conda-linux-gnu/9.4.0/crtbeginS.o;/mnt/l/f/share/cnliao/software/conda/envs/prod/lib/gcc/x86_64-conda-linux-gnu/9.4.0/crtendS.o;/mnt/l/f/share/cnliao/software/conda/envs/prod/x86_64-conda-linux-gnu/sysroot/usr/lib/crtn.o]
  implicit dirs: [/mnt/l/f/share/cnliao/software/conda/envs/prod/lib;/mnt/l/f/share/cnliao/software/conda/envs/prod/lib/gcc/x86_64-conda-linux-gnu/9.4.0;/mnt/l/f/share/cnliao/software/conda/envs/prod/lib/gcc;/mnt/l/f/share/cnliao/software/conda/envs/prod/x86_64-conda-linux-gnu/lib;/mnt/l/f/share/cnliao/software/conda/envs/prod/x86_64-conda-linux-gnu/sysroot/lib;/mnt/l/f/share/cnliao/software/conda/envs/prod/x86_64-conda-linux-gnu/sysroot/usr/lib]
  implicit fwks: []


Determining if the include file pthread.h exists passed with the following output:
Change Dir: /home/bwang/gsim_wks/app/3rdparty/tracy/build/CMakeFiles/CMakeTmp

Run Build Command(s):/usr/bin/gmake -f Makefile cmTC_c93c3/fast && /usr/bin/gmake  -f CMakeFiles/cmTC_c93c3.dir/build.make CMakeFiles/cmTC_c93c3.dir/build
gmake[1]: Entering directory '/home/bwang/gsim_wks/app/3rdparty/tracy/build/CMakeFiles/CMakeTmp'
Building CXX object CMakeFiles/cmTC_c93c3.dir/CheckIncludeFile.cxx.o
/mnt/l/f/share/cnliao/software/conda/envs/prod/bin/x86_64-conda-linux-gnu-c++   -fvisibility-inlines-hidden -std=c++17 -fmessage-length=0 -march=nocona -mtune=haswell -ftree-vectorize -fPIC -fstack-protector-strong -fno-plt -O2 -ffunction-sections -pipe -isystem /mnt/l/f/share/cnliao/software/conda/envs/prod/include  -o CMakeFiles/cmTC_c93c3.dir/CheckIncludeFile.cxx.o -c /home/bwang/gsim_wks/app/3rdparty/tracy/build/CMakeFiles/CMakeTmp/CheckIncludeFile.cxx
Linking CXX executable cmTC_c93c3
/mnt/l/f/share/cnliao/software/conda/envs/prod/bin/cmake -E cmake_link_script CMakeFiles/cmTC_c93c3.dir/link.txt --verbose=1
/mnt/l/f/share/cnliao/software/conda/envs/prod/bin/x86_64-conda-linux-gnu-c++ -fvisibility-inlines-hidden -std=c++17 -fmessage-length=0 -march=nocona -mtune=haswell -ftree-vectorize -fPIC -fstack-protector-strong -fno-plt -O2 -ffunction-sections -pipe -isystem /mnt/l/f/share/cnliao/software/conda/envs/prod/include  -Wl,-O2 -Wl,--sort-common -Wl,--as-needed -Wl,-z,relro -Wl,-z,now -Wl,--disable-new-dtags -Wl,--gc-sections -Wl,--allow-shlib-undefined -Wl,-rpath,/mnt/l/f/share/cnliao/software/conda/envs/prod/lib -Wl,-rpath-link,/mnt/l/f/share/cnliao/software/conda/envs/prod/lib -L/mnt/l/f/share/cnliao/software/conda/envs/prod/lib  CMakeFiles/cmTC_c93c3.dir/CheckIncludeFile.cxx.o -o cmTC_c93c3 
gmake[1]: Leaving directory '/home/bwang/gsim_wks/app/3rdparty/tracy/build/CMakeFiles/CMakeTmp'



Determining if the function pthread_create exists in the pthread passed with the following output:
Change Dir: /home/bwang/gsim_wks/app/3rdparty/tracy/build/CMakeFiles/CMakeTmp

Run Build Command(s):/usr/bin/gmake -f Makefile cmTC_32a94/fast && /usr/bin/gmake  -f CMakeFiles/cmTC_32a94.dir/build.make CMakeFiles/cmTC_32a94.dir/build
gmake[1]: Entering directory '/home/bwang/gsim_wks/app/3rdparty/tracy/build/CMakeFiles/CMakeTmp'
Building CXX object CMakeFiles/cmTC_32a94.dir/CheckFunctionExists.cxx.o
/mnt/l/f/share/cnliao/software/conda/envs/prod/bin/x86_64-conda-linux-gnu-c++   -fvisibility-inlines-hidden -std=c++17 -fmessage-length=0 -march=nocona -mtune=haswell -ftree-vectorize -fPIC -fstack-protector-strong -fno-plt -O2 -ffunction-sections -pipe -isystem /mnt/l/f/share/cnliao/software/conda/envs/prod/include -DCHECK_FUNCTION_EXISTS=pthread_create -o CMakeFiles/cmTC_32a94.dir/CheckFunctionExists.cxx.o -c /home/bwang/gsim_wks/app/3rdparty/tracy/build/CMakeFiles/CheckLibraryExists/CheckFunctionExists.cxx
Linking CXX executable cmTC_32a94
/mnt/l/f/share/cnliao/software/conda/envs/prod/bin/cmake -E cmake_link_script CMakeFiles/cmTC_32a94.dir/link.txt --verbose=1
/mnt/l/f/share/cnliao/software/conda/envs/prod/bin/x86_64-conda-linux-gnu-c++ -fvisibility-inlines-hidden -std=c++17 -fmessage-length=0 -march=nocona -mtune=haswell -ftree-vectorize -fPIC -fstack-protector-strong -fno-plt -O2 -ffunction-sections -pipe -isystem /mnt/l/f/share/cnliao/software/conda/envs/prod/include -DCHECK_FUNCTION_EXISTS=pthread_create -Wl,-O2 -Wl,--sort-common -Wl,--as-needed -Wl,-z,relro -Wl,-z,now -Wl,--disable-new-dtags -Wl,--gc-sections -Wl,--allow-shlib-undefined -Wl,-rpath,/mnt/l/f/share/cnliao/software/conda/envs/prod/lib -Wl,-rpath-link,/mnt/l/f/share/cnliao/software/conda/envs/prod/lib -L/mnt/l/f/share/cnliao/software/conda/envs/prod/lib  CMakeFiles/cmTC_32a94.dir/CheckFunctionExists.cxx.o -o cmTC_32a94  -lpthread 
gmake[1]: Leaving directory '/home/bwang/gsim_wks/app/3rdparty/tracy/build/CMakeFiles/CMakeTmp'



Performing C++ SOURCE FILE Test HAS_FLTO succeeded with the following output:
Change Dir: /home/bwang/gsim_wks/app/3rdparty/tracy/build/CMakeFiles/CMakeTmp

Run Build Command(s):/usr/bin/gmake -f Makefile cmTC_b386b/fast && /usr/bin/gmake  -f CMakeFiles/cmTC_b386b.dir/build.make CMakeFiles/cmTC_b386b.dir/build
gmake[1]: Entering directory '/home/bwang/gsim_wks/app/3rdparty/tracy/build/CMakeFiles/CMakeTmp'
Building CXX object CMakeFiles/cmTC_b386b.dir/src.cxx.o
/mnt/l/f/share/cnliao/software/conda/envs/prod/bin/x86_64-conda-linux-gnu-c++ -DHAS_FLTO  -fvisibility-inlines-hidden -std=c++17 -fmessage-length=0 -march=nocona -mtune=haswell -ftree-vectorize -fPIC -fstack-protector-strong -fno-plt -O2 -ffunction-sections -pipe -isystem /mnt/l/f/share/cnliao/software/conda/envs/prod/include    -flto -fno-fat-lto-objects -std=gnu++2a -o CMakeFiles/cmTC_b386b.dir/src.cxx.o -c /home/bwang/gsim_wks/app/3rdparty/tracy/build/CMakeFiles/CMakeTmp/src.cxx
Linking CXX executable cmTC_b386b
/mnt/l/f/share/cnliao/software/conda/envs/prod/bin/cmake -E cmake_link_script CMakeFiles/cmTC_b386b.dir/link.txt --verbose=1
/mnt/l/f/share/cnliao/software/conda/envs/prod/bin/x86_64-conda-linux-gnu-c++ -fvisibility-inlines-hidden -std=c++17 -fmessage-length=0 -march=nocona -mtune=haswell -ftree-vectorize -fPIC -fstack-protector-strong -fno-plt -O2 -ffunction-sections -pipe -isystem /mnt/l/f/share/cnliao/software/conda/envs/prod/include  -Wl,-O2 -Wl,--sort-common -Wl,--as-needed -Wl,-z,relro -Wl,-z,now -Wl,--disable-new-dtags -Wl,--gc-sections -Wl,--allow-shlib-undefined -Wl,-rpath,/mnt/l/f/share/cnliao/software/conda/envs/prod/lib -Wl,-rpath-link,/mnt/l/f/share/cnliao/software/conda/envs/prod/lib -L/mnt/l/f/share/cnliao/software/conda/envs/prod/lib  CMakeFiles/cmTC_b386b.dir/src.cxx.o -o cmTC_b386b  -flto 
gmake[1]: Leaving directory '/home/bwang/gsim_wks/app/3rdparty/tracy/build/CMakeFiles/CMakeTmp'


Source file was:
int main() { return 0; }
