Performing C SOURCE FILE Test CMAKE_HAVE_LIBC_PTHREAD failed with the following output:
Change Dir: /home/bwang/gsim_wks/app/3rdparty/tracy/update/build/CMakeFiles/CMakeTmp

Run Build Command(s):/usr/bin/gmake -f Makefile cmTC_f6265/fast && /usr/bin/gmake  -f CMakeFiles/cmTC_f6265.dir/build.make CMakeFiles/cmTC_f6265.dir/build
gmake[1]: Entering directory '/home/bwang/gsim_wks/app/3rdparty/tracy/update/build/CMakeFiles/CMakeTmp'
Building C object CMakeFiles/cmTC_f6265.dir/src.c.o
/mnt/l/f/share/cnliao/software/conda/envs/prod/bin/x86_64-conda-linux-gnu-cc -DCMAKE_HAVE_LIBC_PTHREAD  -march=nocona -mtune=haswell -ftree-vectorize -fPIC -fstack-protector-strong -fno-plt -O2 -ffunction-sections -pipe -isystem /mnt/l/f/share/cnliao/software/conda/envs/prod/include -march=native -fdiagnostics-color=always  -o CMakeFiles/cmTC_f6265.dir/src.c.o -c /home/bwang/gsim_wks/app/3rdparty/tracy/update/build/CMakeFiles/CMakeTmp/src.c
Linking C executable cmTC_f6265
/mnt/l/f/share/cnliao/software/conda/envs/prod/bin/cmake -E cmake_link_script CMakeFiles/cmTC_f6265.dir/link.txt --verbose=1
/mnt/l/f/share/cnliao/software/conda/envs/prod/bin/x86_64-conda-linux-gnu-cc -march=nocona -mtune=haswell -ftree-vectorize -fPIC -fstack-protector-strong -fno-plt -O2 -ffunction-sections -pipe -isystem /mnt/l/f/share/cnliao/software/conda/envs/prod/include -march=native -fdiagnostics-color=always  -Wl,-O2 -Wl,--sort-common -Wl,--as-needed -Wl,-z,relro -Wl,-z,now -Wl,--disable-new-dtags -Wl,--gc-sections -Wl,--allow-shlib-undefined -Wl,-rpath,/mnt/l/f/share/cnliao/software/conda/envs/prod/lib -Wl,-rpath-link,/mnt/l/f/share/cnliao/software/conda/envs/prod/lib -L/mnt/l/f/share/cnliao/software/conda/envs/prod/lib  CMakeFiles/cmTC_f6265.dir/src.c.o -o cmTC_f6265 
/mnt/l/f/share/cnliao/software/conda/envs/prod/bin/../lib/gcc/x86_64-conda-linux-gnu/9.4.0/../../../../x86_64-conda-linux-gnu/bin/ld: CMakeFiles/cmTC_f6265.dir/src.c.o: in function `main':
src.c:(.text.startup.main+0x24): undefined reference to `pthread_create'
/mnt/l/f/share/cnliao/software/conda/envs/prod/bin/../lib/gcc/x86_64-conda-linux-gnu/9.4.0/../../../../x86_64-conda-linux-gnu/bin/ld: src.c:(.text.startup.main+0x2e): undefined reference to `pthread_detach'
/mnt/l/f/share/cnliao/software/conda/envs/prod/bin/../lib/gcc/x86_64-conda-linux-gnu/9.4.0/../../../../x86_64-conda-linux-gnu/bin/ld: src.c:(.text.startup.main+0x38): undefined reference to `pthread_cancel'
/mnt/l/f/share/cnliao/software/conda/envs/prod/bin/../lib/gcc/x86_64-conda-linux-gnu/9.4.0/../../../../x86_64-conda-linux-gnu/bin/ld: src.c:(.text.startup.main+0x44): undefined reference to `pthread_join'
/mnt/l/f/share/cnliao/software/conda/envs/prod/bin/../lib/gcc/x86_64-conda-linux-gnu/9.4.0/../../../../x86_64-conda-linux-gnu/bin/ld: src.c:(.text.startup.main+0x50): undefined reference to `pthread_atfork'
collect2: error: ld returned 1 exit status
gmake[1]: *** [CMakeFiles/cmTC_f6265.dir/build.make:99: cmTC_f6265] Error 1
gmake[1]: Leaving directory '/home/bwang/gsim_wks/app/3rdparty/tracy/update/build/CMakeFiles/CMakeTmp'
gmake: *** [Makefile:127: cmTC_f6265/fast] Error 2


Source file was:
#include <pthread.h>

static void* test_func(void* data)
{
  return data;
}

int main(void)
{
  pthread_t thread;
  pthread_create(&thread, NULL, test_func, NULL);
  pthread_detach(thread);
  pthread_cancel(thread);
  pthread_join(thread, NULL);
  pthread_atfork(NULL, NULL, NULL);
  pthread_exit(NULL);

  return 0;
}

Determining if the function pthread_create exists in the pthreads failed with the following output:
Change Dir: /home/bwang/gsim_wks/app/3rdparty/tracy/update/build/CMakeFiles/CMakeTmp

Run Build Command(s):/usr/bin/gmake -f Makefile cmTC_91cf7/fast && /usr/bin/gmake  -f CMakeFiles/cmTC_91cf7.dir/build.make CMakeFiles/cmTC_91cf7.dir/build
gmake[1]: Entering directory '/home/bwang/gsim_wks/app/3rdparty/tracy/update/build/CMakeFiles/CMakeTmp'
Building C object CMakeFiles/cmTC_91cf7.dir/CheckFunctionExists.c.o
/mnt/l/f/share/cnliao/software/conda/envs/prod/bin/x86_64-conda-linux-gnu-cc   -march=nocona -mtune=haswell -ftree-vectorize -fPIC -fstack-protector-strong -fno-plt -O2 -ffunction-sections -pipe -isystem /mnt/l/f/share/cnliao/software/conda/envs/prod/include -march=native -fdiagnostics-color=always -DCHECK_FUNCTION_EXISTS=pthread_create -o CMakeFiles/cmTC_91cf7.dir/CheckFunctionExists.c.o -c /mnt/l/f/share/cnliao/software/conda/envs/prod/share/cmake-3.20/Modules/CheckFunctionExists.c
Linking C executable cmTC_91cf7
/mnt/l/f/share/cnliao/software/conda/envs/prod/bin/cmake -E cmake_link_script CMakeFiles/cmTC_91cf7.dir/link.txt --verbose=1
/mnt/l/f/share/cnliao/software/conda/envs/prod/bin/x86_64-conda-linux-gnu-cc -march=nocona -mtune=haswell -ftree-vectorize -fPIC -fstack-protector-strong -fno-plt -O2 -ffunction-sections -pipe -isystem /mnt/l/f/share/cnliao/software/conda/envs/prod/include -march=native -fdiagnostics-color=always -DCHECK_FUNCTION_EXISTS=pthread_create -Wl,-O2 -Wl,--sort-common -Wl,--as-needed -Wl,-z,relro -Wl,-z,now -Wl,--disable-new-dtags -Wl,--gc-sections -Wl,--allow-shlib-undefined -Wl,-rpath,/mnt/l/f/share/cnliao/software/conda/envs/prod/lib -Wl,-rpath-link,/mnt/l/f/share/cnliao/software/conda/envs/prod/lib -L/mnt/l/f/share/cnliao/software/conda/envs/prod/lib  CMakeFiles/cmTC_91cf7.dir/CheckFunctionExists.c.o -o cmTC_91cf7  -lpthreads 
/mnt/l/f/share/cnliao/software/conda/envs/prod/bin/../lib/gcc/x86_64-conda-linux-gnu/9.4.0/../../../../x86_64-conda-linux-gnu/bin/ld: cannot find -lpthreads
collect2: error: ld returned 1 exit status
gmake[1]: *** [CMakeFiles/cmTC_91cf7.dir/build.make:99: cmTC_91cf7] Error 1
gmake[1]: Leaving directory '/home/bwang/gsim_wks/app/3rdparty/tracy/update/build/CMakeFiles/CMakeTmp'
gmake: *** [Makefile:127: cmTC_91cf7/fast] Error 2



